Oct-30 11:52:01.112 [main] INFO  com.askimed.nf.test.App - nf-test 0.8.4
Oct-30 11:52:01.133 [main] INFO  com.askimed.nf.test.App - Arguments: [test, tests/pipeline/pplace_hmm.nf.test, --profile, test_pplace_hmmsearch,singularity]
Oct-30 11:52:02.729 [main] INFO  com.askimed.nf.test.App - Nextflow Version: 24.04.4
Oct-30 11:52:02.733 [main] INFO  com.askimed.nf.test.commands.RunTestsCommand - Load config from file /crex/proj/snic2020-16-76/nobackup/projects/Danilo/dev/ampliseq/nf-test.config...
Oct-30 11:52:03.208 [main] INFO  com.askimed.nf.test.commands.RunTestsCommand - Detected 1 test files.
Oct-30 11:52:03.637 [main] INFO  com.askimed.nf.test.config.FileStaging - Copy directory '/crex/proj/snic2020-16-76/nobackup/projects/Danilo/dev/ampliseq/bin' to '/crex/proj/snic2020-16-76/nobackup/projects/Danilo/dev/ampliseq/.nf-test/tests/a7ad775790cd26b7bac507168df575ea/meta/bin'
Oct-30 11:52:03.691 [main] WARN  com.askimed.nf.test.config.FileStaging - File '/crex/proj/snic2020-16-76/nobackup/projects/Danilo/dev/ampliseq/lib' not found. Ignore it.
Oct-30 11:52:03.691 [main] INFO  com.askimed.nf.test.config.FileStaging - Copy directory '/crex/proj/snic2020-16-76/nobackup/projects/Danilo/dev/ampliseq/assets' to '/crex/proj/snic2020-16-76/nobackup/projects/Danilo/dev/ampliseq/.nf-test/tests/a7ad775790cd26b7bac507168df575ea/meta/assets'
Oct-30 11:52:03.714 [main] DEBUG com.askimed.nf.test.core.AbstractTest - Stage 0 user provided files...
Oct-30 11:52:03.719 [main] INFO  com.askimed.nf.test.core.TestExecutionEngine - Started test plan
Oct-30 11:52:03.719 [main] INFO  com.askimed.nf.test.core.TestExecutionEngine - Running testsuite 'Test Workflow main.nf' from file '/crex/proj/snic2020-16-76/nobackup/projects/Danilo/dev/ampliseq/tests/pipeline/pplace_hmm.nf.test'.
Oct-30 11:52:03.719 [main] INFO  com.askimed.nf.test.core.TestExecutionEngine - Run test 'a7ad7757: Pplace_hmm'. type: com.askimed.nf.test.lang.pipeline.PipelineTest
Oct-30 12:27:52.497 [main] DEBUG com.askimed.nf.test.lang.extensions.SnapshotFile - Init new snapshot file '/crex/proj/snic2020-16-76/nobackup/projects/Danilo/dev/ampliseq/tests/pipeline/pplace_hmm.nf.test.snap'
Oct-30 12:27:52.504 [main] DEBUG com.askimed.nf.test.lang.extensions.Snapshot - Snapshot 'overall_summary_tsv' not found.
Oct-30 12:27:52.506 [main] DEBUG com.askimed.nf.test.lang.extensions.SnapshotFile - Created snapshot 'overall_summary_tsv'
Oct-30 12:27:52.679 [main] DEBUG com.askimed.nf.test.lang.extensions.SnapshotFile - Wrote snapshots to file '/crex/proj/snic2020-16-76/nobackup/projects/Danilo/dev/ampliseq/tests/pipeline/pplace_hmm.nf.test.snap'
Oct-30 12:27:52.680 [main] DEBUG com.askimed.nf.test.lang.extensions.Snapshot - Snapshot 'barrnap' not found.
Oct-30 12:27:52.681 [main] DEBUG com.askimed.nf.test.lang.extensions.SnapshotFile - Created snapshot 'barrnap'
Oct-30 12:27:52.852 [main] DEBUG com.askimed.nf.test.lang.extensions.SnapshotFile - Wrote snapshots to file '/crex/proj/snic2020-16-76/nobackup/projects/Danilo/dev/ampliseq/tests/pipeline/pplace_hmm.nf.test.snap'
Oct-30 12:27:52.854 [main] DEBUG com.askimed.nf.test.lang.extensions.Snapshot - Snapshot 'cutadapt' not found.
Oct-30 12:27:52.854 [main] DEBUG com.askimed.nf.test.lang.extensions.SnapshotFile - Created snapshot 'cutadapt'
Oct-30 12:27:52.922 [main] DEBUG com.askimed.nf.test.lang.extensions.SnapshotFile - Wrote snapshots to file '/crex/proj/snic2020-16-76/nobackup/projects/Danilo/dev/ampliseq/tests/pipeline/pplace_hmm.nf.test.snap'
Oct-30 12:27:52.923 [main] DEBUG com.askimed.nf.test.lang.extensions.Snapshot - Snapshot 'dada2' not found.
Oct-30 12:27:52.923 [main] DEBUG com.askimed.nf.test.lang.extensions.SnapshotFile - Created snapshot 'dada2'
Oct-30 12:27:53.065 [main] DEBUG com.askimed.nf.test.lang.extensions.SnapshotFile - Wrote snapshots to file '/crex/proj/snic2020-16-76/nobackup/projects/Danilo/dev/ampliseq/tests/pipeline/pplace_hmm.nf.test.snap'
Oct-30 12:27:53.066 [main] DEBUG com.askimed.nf.test.lang.extensions.Snapshot - Snapshot 'input' not found.
Oct-30 12:27:53.066 [main] DEBUG com.askimed.nf.test.lang.extensions.SnapshotFile - Created snapshot 'input'
Oct-30 12:27:53.149 [main] DEBUG com.askimed.nf.test.lang.extensions.SnapshotFile - Wrote snapshots to file '/crex/proj/snic2020-16-76/nobackup/projects/Danilo/dev/ampliseq/tests/pipeline/pplace_hmm.nf.test.snap'
Oct-30 12:27:53.185 [main] DEBUG com.askimed.nf.test.lang.extensions.Snapshot - Snapshot 'qiime2' not found.
Oct-30 12:27:53.186 [main] DEBUG com.askimed.nf.test.lang.extensions.SnapshotFile - Created snapshot 'qiime2'
Oct-30 12:27:53.238 [main] DEBUG com.askimed.nf.test.lang.extensions.SnapshotFile - Wrote snapshots to file '/crex/proj/snic2020-16-76/nobackup/projects/Danilo/dev/ampliseq/tests/pipeline/pplace_hmm.nf.test.snap'
Oct-30 12:27:53.242 [main] DEBUG com.askimed.nf.test.lang.extensions.Snapshot - Snapshot 'multiqc' not found.
Oct-30 12:27:53.243 [main] DEBUG com.askimed.nf.test.lang.extensions.SnapshotFile - Created snapshot 'multiqc'
Oct-30 12:27:53.295 [main] DEBUG com.askimed.nf.test.lang.extensions.SnapshotFile - Wrote snapshots to file '/crex/proj/snic2020-16-76/nobackup/projects/Danilo/dev/ampliseq/tests/pipeline/pplace_hmm.nf.test.snap'
Oct-30 12:27:53.309 [main] INFO  com.askimed.nf.test.core.TestExecutionEngine - Test 'a7ad7757: Pplace_hmm' finished. status: FAILED
org.codehaus.groovy.runtime.powerassert.PowerAssertionError: 2 of 35 assertions failed
	at com.askimed.nf.test.lang.extensions.GlobalMethods.assertAll(GlobalMethods.java:48)
	at java.base/jdk.internal.reflect.NativeMethodAccessorImpl.invoke0(Native Method)
	at java.base/jdk.internal.reflect.NativeMethodAccessorImpl.invoke(NativeMethodAccessorImpl.java:62)
	at java.base/jdk.internal.reflect.DelegatingMethodAccessorImpl.invoke(DelegatingMethodAccessorImpl.java:43)
	at java.base/java.lang.reflect.Method.invoke(Method.java:566)
	at org.codehaus.groovy.reflection.CachedMethod.invoke(CachedMethod.java:107)
	at groovy.lang.MetaMethod.doMethodInvoke(MetaMethod.java:323)
	at org.codehaus.groovy.runtime.callsite.StaticMetaMethodSite.invoke(StaticMetaMethodSite.java:44)
	at org.codehaus.groovy.runtime.callsite.StaticMetaMethodSite.callStatic(StaticMetaMethodSite.java:100)
	at org.codehaus.groovy.runtime.callsite.CallSiteArray.defaultCallStatic(CallSiteArray.java:55)
	at org.codehaus.groovy.runtime.callsite.AbstractCallSite.callStatic(AbstractCallSite.java:217)
	at pplace_hmm_nf$_run_closure1$_closure2$_closure4.doCall(pplace_hmm.nf.test:17)
	at pplace_hmm_nf$_run_closure1$_closure2$_closure4.doCall(pplace_hmm.nf.test)
	at java.base/jdk.internal.reflect.NativeMethodAccessorImpl.invoke0(Native Method)
	at java.base/jdk.internal.reflect.NativeMethodAccessorImpl.invoke(NativeMethodAccessorImpl.java:62)
	at java.base/jdk.internal.reflect.DelegatingMethodAccessorImpl.invoke(DelegatingMethodAccessorImpl.java:43)
	at java.base/java.lang.reflect.Method.invoke(Method.java:566)
	at org.codehaus.groovy.reflection.CachedMethod.invoke(CachedMethod.java:107)
	at groovy.lang.MetaMethod.doMethodInvoke(MetaMethod.java:323)
	at org.codehaus.groovy.runtime.metaclass.ClosureMetaClass.invokeMethod(ClosureMetaClass.java:274)
	at groovy.lang.MetaClassImpl.invokeMethod(MetaClassImpl.java:1030)
	at groovy.lang.Closure.call(Closure.java:427)
	at groovy.lang.Closure.call(Closure.java:406)
	at com.askimed.nf.test.lang.TestCode.execute(TestCode.java:16)
	at com.askimed.nf.test.lang.pipeline.PipelineTest.execute(PipelineTest.java:135)
	at com.askimed.nf.test.core.TestExecutionEngine.execute(TestExecutionEngine.java:214)
	at com.askimed.nf.test.commands.RunTestsCommand.execute(RunTestsCommand.java:184)
	at com.askimed.nf.test.commands.AbstractCommand.call(AbstractCommand.java:43)
	at com.askimed.nf.test.commands.AbstractCommand.call(AbstractCommand.java:18)
	at picocli.CommandLine.executeUserObject(CommandLine.java:1953)
	at picocli.CommandLine.access$1300(CommandLine.java:145)
	at picocli.CommandLine$RunLast.executeUserObjectOfLastSubcommandWithSameParent(CommandLine.java:2352)
	at picocli.CommandLine$RunLast.handle(CommandLine.java:2346)
	at picocli.CommandLine$RunLast.handle(CommandLine.java:2311)
	at picocli.CommandLine$AbstractParseResultHandler.execute(CommandLine.java:2179)
	at picocli.CommandLine.execute(CommandLine.java:2078)
	at com.askimed.nf.test.App.run(App.java:44)
	at com.askimed.nf.test.App.main(App.java:51)
Oct-30 12:27:53.359 [main] INFO  com.askimed.nf.test.core.TestExecutionEngine - Testsuite 'Test Workflow main.nf' finished. snapshot file: true, skipped tests: false, failed tests: true
Oct-30 12:27:53.367 [main] INFO  com.askimed.nf.test.core.TestExecutionEngine - Executed 1 tests. 1 tests failed. Done!
